<?xml version="1.0" encoding="UTF-8"?>
<!-- Generated by org.testng.reporters.JUnitReportReporter -->
<testsuite hostname="AI1003" failures="0" tests="1" name="Test_Scripts.Hybrid_Framework" time="5.904" errors="0" timestamp="19 Jul 2022 11:48:34 GMT" skipped="0">
  <testcase classname="Test_Scripts.Hybrid_Framework" name="Keywords" time="5.904"/>
</testsuite> <!-- Test_Scripts.Hybrid_Framework -->
