<?xml version="1.0" encoding="UTF-8"?>
<!-- Generated by org.testng.reporters.JUnitReportReporter -->
<testsuite hostname="AI1003" failures="0" tests="1" name="Utilities.TestUtil" time="5.550" errors="0" timestamp="20 Jul 2022 10:11:09 GMT" skipped="0">
  <testcase classname="Utilities.TestUtil" name="Keywords" time="5.550"/>
</testsuite> <!-- Utilities.TestUtil -->
